<?xml version="1.0" encoding="UTF-8"?>
<!-- Generated by org.testng.reporters.JUnitReportReporter -->
<testsuite hostname="DESKTOP-2RSQUL4" failures="0" tests="6" name="Scripts.Admin.TestAdminAddNewPost" time="23.012" errors="0" timestamp="2022-03-20T01:02:39 GST" skipped="0">
  <testcase classname="Scripts.Admin.TestAdminAddNewPost" name="VerifyAddnewPostWithBlanKdATA" time="3.883"/>
  <system-out/>
  <testcase classname="Scripts.Admin.TestAdminAddNewPost" name="VerifyAddnewPost" time="2.502"/>
  <system-out/>
  <testcase classname="Scripts.Admin.TestAdminAddNewPost" name="VerifyEditNewPostInHomepageInvalidData" time="4.533"/>
  <system-out/>
  <testcase classname="Scripts.Admin.TestAdminAddNewPost" name="VerifyEditNewPostInHomepage" time="8.609"/>
  <system-out/>
  <testcase classname="Scripts.Admin.TestAdminAddNewPost" name="VerifyDeletePostInHomepage" time="3.351"/>
  <system-out/>
  <testcase classname="Scripts.Admin.TestAdminAddNewPost" name="VerifyTotalElements" time="0.134"/>
  <system-out/>
</testsuite> <!-- Scripts.Admin.TestAdminAddNewPost -->
