<?xml version="1.0" encoding="UTF-8"?>
<!-- Generated by org.testng.reporters.JUnitReportReporter -->
<testsuite hostname="DESKTOP-2RSQUL4" failures="0" tests="3" name="Scripts.Admin.TestAdminMyPostPage" time="11.764" errors="0" timestamp="2022-03-20T01:02:39 GST" skipped="0">
  <testcase classname="Scripts.Admin.TestAdminMyPostPage" name="VerifyEditNewPostInMyPostpage" time="4.877"/>
  <system-out/>
  <testcase classname="Scripts.Admin.TestAdminMyPostPage" name="VerifyEditNewPostInMyPostpageINVALIDATA" time="5.781"/>
  <system-out/>
  <testcase classname="Scripts.Admin.TestAdminMyPostPage" name="VerifyDeletePostInMyPostpage" time="1.106"/>
  <system-out/>
</testsuite> <!-- Scripts.Admin.TestAdminMyPostPage -->
