<?xml version="1.0" encoding="UTF-8"?>
<!-- Generated by org.testng.reporters.JUnitReportReporter -->
<testsuite hostname="DESKTOP-2RSQUL4" failures="0" tests="3" name="Scripts.Admin.TestPostApprovalAndReject" time="22.239" errors="0" timestamp="2022-03-20T01:02:39 GST" skipped="0">
  <testcase classname="Scripts.Admin.TestPostApprovalAndReject" name="VerifyLoginAsUser" time="2.226"/>
  <system-out/>
  <testcase classname="Scripts.Admin.TestPostApprovalAndReject" name="VerifyPostApproval" time="14.090"/>
  <system-out/>
  <testcase classname="Scripts.Admin.TestPostApprovalAndReject" name="VerifyPostReject" time="5.923"/>
  <system-out/>
</testsuite> <!-- Scripts.Admin.TestPostApprovalAndReject -->
