<?xml version="1.0" encoding="UTF-8"?>
<!-- Generated by org.testng.reporters.JUnitReportReporter -->
<testsuite hostname="DESKTOP-2RSQUL4" failures="0" tests="4" name="Scripts.Admin.AddRemoveCategory" time="16.548" errors="0" timestamp="2022-03-20T01:02:39 GST" skipped="0">
  <testcase classname="Scripts.Admin.AddRemoveCategory" name="AddCategoryValidData" time="11.868"/>
  <system-out/>
  <testcase classname="Scripts.Admin.AddRemoveCategory" name="AddCategoryInVaildData" time="3.094"/>
  <system-out/>
  <testcase classname="Scripts.Admin.AddRemoveCategory" name="AddCategoryAlreadyExists" time="1.260"/>
  <system-out/>
  <testcase classname="Scripts.Admin.AddRemoveCategory" name="RemoveCategory" time="0.326"/>
  <system-out/>
</testsuite> <!-- Scripts.Admin.AddRemoveCategory -->
