<?xml version="1.0" encoding="UTF-8"?>
<!-- Generated by org.testng.reporters.JUnitReportReporter -->
<testsuite hostname="DESKTOP-2RSQUL4" failures="0" tests="3" name="Scripts.Admin.TestAdminAllPostPage" time="11.580" errors="0" timestamp="2022-03-20T01:02:39 GST" skipped="0">
  <testcase classname="Scripts.Admin.TestAdminAllPostPage" name="VerifyEditNewPostInAllPostpageINVALIDATA" time="5.226"/>
  <system-out/>
  <testcase classname="Scripts.Admin.TestAdminAllPostPage" name="VerifyEditNewPostInAllPostpage" time="2.976"/>
  <system-out/>
  <testcase classname="Scripts.Admin.TestAdminAllPostPage" name="VerifyDeletePostInAllPostpage" time="3.378"/>
  <system-out/>
</testsuite> <!-- Scripts.Admin.TestAdminAllPostPage -->
